<?xml version="1.0" encoding="UTF-8"?>
<coverage generated="1730083958319" clover="3.2.0">
  <project timestamp="1730083958319" name="All files">
    <metrics statements="163" coveredstatements="112" conditionals="13" coveredconditionals="7" methods="49" coveredmethods="15" elements="225" coveredelements="134" complexity="0" loc="163" ncloc="163" packages="7" files="19" classes="19"/>
    <package name="src">
      <metrics statements="6" coveredstatements="6" conditionals="0" coveredconditionals="0" methods="1" coveredmethods="0"/>
      <file name="index.ts" path="/Users/daniellaarteaga/Documents/Projects/TasksApp/back/functions/src/index.ts">
        <metrics statements="6" coveredstatements="6" conditionals="0" coveredconditionals="0" methods="1" coveredmethods="0"/>
        <line num="1" count="2" type="stmt"/>
        <line num="2" count="2" type="stmt"/>
        <line num="4" count="2" type="stmt"/>
        <line num="14" count="2" type="stmt"/>
        <line num="15" count="2" type="stmt"/>
        <line num="17" count="2" type="stmt"/>
      </file>
    </package>
    <package name="src.application.services">
      <metrics statements="11" coveredstatements="2" conditionals="0" coveredconditionals="0" methods="9" coveredmethods="0"/>
      <file name="task.service.ts" path="/Users/daniellaarteaga/Documents/Projects/TasksApp/back/functions/src/application/services/task.service.ts">
        <metrics statements="7" coveredstatements="1" conditionals="0" coveredconditionals="0" methods="6" coveredmethods="0"/>
        <line num="4" count="2" type="stmt"/>
        <line num="5" count="0" type="stmt"/>
        <line num="8" count="0" type="stmt"/>
        <line num="12" count="0" type="stmt"/>
        <line num="16" count="0" type="stmt"/>
        <line num="20" count="0" type="stmt"/>
        <line num="24" count="0" type="stmt"/>
      </file>
      <file name="user.service.ts" path="/Users/daniellaarteaga/Documents/Projects/TasksApp/back/functions/src/application/services/user.service.ts">
        <metrics statements="4" coveredstatements="1" conditionals="0" coveredconditionals="0" methods="3" coveredmethods="0"/>
        <line num="4" count="2" type="stmt"/>
        <line num="5" count="0" type="stmt"/>
        <line num="8" count="0" type="stmt"/>
        <line num="11" count="0" type="stmt"/>
      </file>
    </package>
    <package name="src.domain.errors">
      <metrics statements="26" coveredstatements="25" conditionals="0" coveredconditionals="0" methods="8" coveredmethods="7"/>
      <file name="base.error.ts" path="/Users/daniellaarteaga/Documents/Projects/TasksApp/back/functions/src/domain/errors/base.error.ts">
        <metrics statements="5" coveredstatements="5" conditionals="0" coveredconditionals="0" methods="1" coveredmethods="1"/>
        <line num="1" count="2" type="stmt"/>
        <line num="13" count="13" type="stmt"/>
        <line num="14" count="13" type="stmt"/>
        <line num="15" count="13" type="stmt"/>
        <line num="16" count="13" type="stmt"/>
      </file>
      <file name="not-found.error.ts" path="/Users/daniellaarteaga/Documents/Projects/TasksApp/back/functions/src/domain/errors/not-found.error.ts">
        <metrics statements="3" coveredstatements="2" conditionals="0" coveredconditionals="0" methods="1" coveredmethods="0"/>
        <line num="1" count="2" type="stmt"/>
        <line num="3" count="2" type="stmt"/>
        <line num="5" count="0" type="stmt"/>
      </file>
      <file name="task-not-created.ts" path="/Users/daniellaarteaga/Documents/Projects/TasksApp/back/functions/src/domain/errors/task-not-created.ts">
        <metrics statements="3" coveredstatements="3" conditionals="0" coveredconditionals="0" methods="1" coveredmethods="1"/>
        <line num="1" count="2" type="stmt"/>
        <line num="3" count="2" type="stmt"/>
        <line num="5" count="3" type="stmt"/>
      </file>
      <file name="task-not-deleted.error.ts" path="/Users/daniellaarteaga/Documents/Projects/TasksApp/back/functions/src/domain/errors/task-not-deleted.error.ts">
        <metrics statements="3" coveredstatements="3" conditionals="0" coveredconditionals="0" methods="1" coveredmethods="1"/>
        <line num="1" count="2" type="stmt"/>
        <line num="3" count="2" type="stmt"/>
        <line num="5" count="2" type="stmt"/>
      </file>
      <file name="task-not-updated.error.ts" path="/Users/daniellaarteaga/Documents/Projects/TasksApp/back/functions/src/domain/errors/task-not-updated.error.ts">
        <metrics statements="3" coveredstatements="3" conditionals="0" coveredconditionals="0" methods="1" coveredmethods="1"/>
        <line num="1" count="2" type="stmt"/>
        <line num="3" count="2" type="stmt"/>
        <line num="5" count="2" type="stmt"/>
      </file>
      <file name="tasks-not-found.ts" path="/Users/daniellaarteaga/Documents/Projects/TasksApp/back/functions/src/domain/errors/tasks-not-found.ts">
        <metrics statements="3" coveredstatements="3" conditionals="0" coveredconditionals="0" methods="1" coveredmethods="1"/>
        <line num="1" count="2" type="stmt"/>
        <line num="2" count="2" type="stmt"/>
        <line num="4" count="2" type="stmt"/>
      </file>
      <file name="user-not-created.error.ts" path="/Users/daniellaarteaga/Documents/Projects/TasksApp/back/functions/src/domain/errors/user-not-created.error.ts">
        <metrics statements="3" coveredstatements="3" conditionals="0" coveredconditionals="0" methods="1" coveredmethods="1"/>
        <line num="1" count="2" type="stmt"/>
        <line num="3" count="2" type="stmt"/>
        <line num="5" count="2" type="stmt"/>
      </file>
      <file name="user-not-found.error.ts" path="/Users/daniellaarteaga/Documents/Projects/TasksApp/back/functions/src/domain/errors/user-not-found.error.ts">
        <metrics statements="3" coveredstatements="3" conditionals="0" coveredconditionals="0" methods="1" coveredmethods="1"/>
        <line num="1" count="2" type="stmt"/>
        <line num="3" count="2" type="stmt"/>
        <line num="5" count="2" type="stmt"/>
      </file>
    </package>
    <package name="src.infrastructure">
      <metrics statements="15" coveredstatements="14" conditionals="0" coveredconditionals="0" methods="1" coveredmethods="0"/>
      <file name="routes.ts" path="/Users/daniellaarteaga/Documents/Projects/TasksApp/back/functions/src/infrastructure/routes.ts">
        <metrics statements="15" coveredstatements="14" conditionals="0" coveredconditionals="0" methods="1" coveredmethods="0"/>
        <line num="1" count="2" type="stmt"/>
        <line num="2" count="2" type="stmt"/>
        <line num="3" count="2" type="stmt"/>
        <line num="4" count="2" type="stmt"/>
        <line num="5" count="2" type="stmt"/>
        <line num="6" count="2" type="stmt"/>
        <line num="8" count="2" type="stmt"/>
        <line num="9" count="2" type="stmt"/>
        <line num="10" count="2" type="stmt"/>
        <line num="11" count="2" type="stmt"/>
        <line num="12" count="2" type="stmt"/>
        <line num="14" count="2" type="stmt"/>
        <line num="15" count="0" type="stmt"/>
        <line num="18" count="2" type="stmt"/>
        <line num="20" count="2" type="stmt"/>
      </file>
    </package>
    <package name="src.infrastructure.controllers">
      <metrics statements="55" coveredstatements="45" conditionals="12" coveredconditionals="7" methods="11" coveredmethods="8"/>
      <file name="error.controller.ts" path="/Users/daniellaarteaga/Documents/Projects/TasksApp/back/functions/src/infrastructure/controllers/error.controller.ts">
        <metrics statements="4" coveredstatements="1" conditionals="4" coveredconditionals="0" methods="1" coveredmethods="0"/>
        <line num="1" count="2" type="stmt"/>
        <line num="2" count="0" type="cond" truecount="0" falsecount="2"/>
        <line num="3" count="0" type="cond" truecount="0" falsecount="2"/>
        <line num="4" count="0" type="stmt"/>
      </file>
      <file name="task.controller.ts" path="/Users/daniellaarteaga/Documents/Projects/TasksApp/back/functions/src/infrastructure/controllers/task.controller.ts">
        <metrics statements="33" coveredstatements="29" conditionals="6" coveredconditionals="5" methods="7" coveredmethods="6"/>
        <line num="3" count="2" type="stmt"/>
        <line num="4" count="2" type="stmt"/>
        <line num="5" count="2" type="stmt"/>
        <line num="6" count="2" type="stmt"/>
        <line num="7" count="2" type="stmt"/>
        <line num="8" count="2" type="stmt"/>
        <line num="10" count="2" type="stmt"/>
        <line num="17" count="2" type="stmt"/>
        <line num="18" count="2" type="stmt"/>
        <line num="19" count="2" type="stmt"/>
        <line num="20" count="2" type="stmt"/>
        <line num="21" count="2" type="cond" truecount="1" falsecount="0"/>
        <line num="22" count="0" type="stmt"/>
        <line num="31" count="1" type="stmt"/>
        <line num="32" count="1" type="stmt"/>
        <line num="33" count="1" type="cond" truecount="1" falsecount="1"/>
        <line num="35" count="1" type="stmt"/>
        <line num="44" count="2" type="stmt"/>
        <line num="45" count="2" type="stmt"/>
        <line num="46" count="2" type="cond" truecount="1" falsecount="0"/>
        <line num="47" count="1" type="stmt"/>
        <line num="56" count="2" type="stmt"/>
        <line num="57" count="2" type="stmt"/>
        <line num="58" count="2" type="cond" truecount="1" falsecount="0"/>
        <line num="59" count="1" type="stmt"/>
        <line num="68" count="2" type="stmt"/>
        <line num="69" count="2" type="stmt"/>
        <line num="70" count="2" type="cond" truecount="1" falsecount="0"/>
        <line num="71" count="1" type="stmt"/>
        <line num="75" count="2" type="stmt"/>
        <line num="76" count="0" type="stmt"/>
        <line num="77" count="0" type="stmt"/>
        <line num="78" count="0" type="stmt"/>
      </file>
      <file name="user.controller.ts" path="/Users/daniellaarteaga/Documents/Projects/TasksApp/back/functions/src/infrastructure/controllers/user.controller.ts">
        <metrics statements="18" coveredstatements="15" conditionals="2" coveredconditionals="2" methods="3" coveredmethods="2"/>
        <line num="2" count="2" type="stmt"/>
        <line num="4" count="2" type="stmt"/>
        <line num="5" count="2" type="stmt"/>
        <line num="6" count="2" type="stmt"/>
        <line num="8" count="2" type="stmt"/>
        <line num="15" count="2" type="stmt"/>
        <line num="16" count="2" type="stmt"/>
        <line num="17" count="2" type="stmt"/>
        <line num="18" count="2" type="cond" truecount="1" falsecount="0"/>
        <line num="19" count="1" type="stmt"/>
        <line num="28" count="2" type="stmt"/>
        <line num="29" count="2" type="stmt"/>
        <line num="30" count="2" type="cond" truecount="1" falsecount="0"/>
        <line num="31" count="1" type="stmt"/>
        <line num="35" count="2" type="stmt"/>
        <line num="36" count="0" type="stmt"/>
        <line num="37" count="0" type="stmt"/>
        <line num="38" count="0" type="stmt"/>
      </file>
    </package>
    <package name="src.infrastructure.driven-adapters">
      <metrics statements="27" coveredstatements="4" conditionals="1" coveredconditionals="0" methods="12" coveredmethods="0"/>
      <file name="task.driven.adapter.ts" path="/Users/daniellaarteaga/Documents/Projects/TasksApp/back/functions/src/infrastructure/driven-adapters/task.driven.adapter.ts">
        <metrics statements="18" coveredstatements="2" conditionals="0" coveredconditionals="0" methods="10" coveredmethods="0"/>
        <line num="3" count="2" type="stmt"/>
        <line num="5" count="2" type="stmt"/>
        <line num="7" count="0" type="stmt"/>
        <line num="13" count="0" type="stmt"/>
        <line num="15" count="0" type="stmt"/>
        <line num="19" count="0" type="stmt"/>
        <line num="24" count="0" type="stmt"/>
        <line num="25" count="0" type="stmt"/>
        <line num="30" count="0" type="stmt"/>
        <line num="36" count="0" type="stmt"/>
        <line num="44" count="0" type="stmt"/>
        <line num="51" count="0" type="stmt"/>
        <line num="53" count="0" type="stmt"/>
        <line num="57" count="0" type="stmt"/>
        <line num="64" count="0" type="stmt"/>
        <line num="71" count="0" type="stmt"/>
        <line num="75" count="0" type="stmt"/>
        <line num="80" count="0" type="stmt"/>
      </file>
      <file name="user.driven.adapter.ts" path="/Users/daniellaarteaga/Documents/Projects/TasksApp/back/functions/src/infrastructure/driven-adapters/user.driven.adapter.ts">
        <metrics statements="9" coveredstatements="2" conditionals="1" coveredconditionals="0" methods="2" coveredmethods="0"/>
        <line num="1" count="2" type="stmt"/>
        <line num="5" count="2" type="stmt"/>
        <line num="7" count="0" type="stmt"/>
        <line num="8" count="0" type="stmt"/>
        <line num="12" count="0" type="stmt"/>
        <line num="16" count="0" type="stmt"/>
        <line num="17" count="0" type="cond" truecount="0" falsecount="1"/>
        <line num="18" count="0" type="stmt"/>
        <line num="20" count="0" type="stmt"/>
      </file>
    </package>
    <package name="src.infrastructure.routes">
      <metrics statements="23" coveredstatements="16" conditionals="0" coveredconditionals="0" methods="7" coveredmethods="0"/>
      <file name="task.routes.ts" path="/Users/daniellaarteaga/Documents/Projects/TasksApp/back/functions/src/infrastructure/routes/task.routes.ts">
        <metrics statements="14" coveredstatements="9" conditionals="0" coveredconditionals="0" methods="5" coveredmethods="0"/>
        <line num="1" count="2" type="stmt"/>
        <line num="2" count="2" type="stmt"/>
        <line num="7" count="2" type="stmt"/>
        <line num="9" count="2" type="stmt"/>
        <line num="10" count="0" type="stmt"/>
        <line num="12" count="2" type="stmt"/>
        <line num="13" count="0" type="stmt"/>
        <line num="15" count="2" type="stmt"/>
        <line num="16" count="0" type="stmt"/>
        <line num="18" count="2" type="stmt"/>
        <line num="19" count="0" type="stmt"/>
        <line num="21" count="2" type="stmt"/>
        <line num="22" count="0" type="stmt"/>
        <line num="25" count="2" type="stmt"/>
      </file>
      <file name="user.routes.ts" path="/Users/daniellaarteaga/Documents/Projects/TasksApp/back/functions/src/infrastructure/routes/user.routes.ts">
        <metrics statements="9" coveredstatements="7" conditionals="0" coveredconditionals="0" methods="2" coveredmethods="0"/>
        <line num="1" count="2" type="stmt"/>
        <line num="2" count="2" type="stmt"/>
        <line num="3" count="2" type="stmt"/>
        <line num="5" count="2" type="stmt"/>
        <line num="6" count="2" type="stmt"/>
        <line num="7" count="0" type="stmt"/>
        <line num="9" count="2" type="stmt"/>
        <line num="10" count="0" type="stmt"/>
        <line num="13" count="2" type="stmt"/>
      </file>
    </package>
  </project>
</coverage>
