{"/Users/daniellaarteaga/Documents/Projects/TasksApp/back/functions/src/index.ts": {"path":"/Users/daniellaarteaga/Documents/Projects/TasksApp/back/functions/src/index.ts","statementMap":{"0":{"start":{"line":1,"column":0},"end":{"line":1,"column":51}},"1":{"start":{"line":2,"column":0},"end":{"line":2,"column":56}},"2":{"start":{"line":4,"column":13},"end":{"line":12,"column":2}},"3":{"start":{"line":14,"column":0},"end":{"line":14,"column":30}},"4":{"start":{"line":15,"column":13},"end":{"line":15,"column":33}},"5":{"start":{"line":17,"column":0},"end":{"line":17,"column":9}},"6":{"start":{"line":17,"column":9},"end":{"line":17,"column":46}}},"fnMap":{"0":{"name":"(anonymous_0)","decl":{"start":{"line":17,"column":9},"end":{"line":17,"column":12}},"loc":{"start":{"line":17,"column":9},"end":{"line":17,"column":46}}}},"branchMap":{},"s":{"0":2,"1":2,"2":2,"3":2,"4":2,"5":2,"6":2},"f":{"0":0},"b":{}}
,"/Users/daniellaarteaga/Documents/Projects/TasksApp/back/functions/src/application/services/task.service.ts": {"path":"/Users/daniellaarteaga/Documents/Projects/TasksApp/back/functions/src/application/services/task.service.ts","statementMap":{"0":{"start":{"line":5,"column":22},"end":{"line":5,"column":53}},"1":{"start":{"line":8,"column":4},"end":{"line":8,"column":55}},"2":{"start":{"line":12,"column":4},"end":{"line":12,"column":50}},"3":{"start":{"line":16,"column":4},"end":{"line":16,"column":54}},"4":{"start":{"line":20,"column":4},"end":{"line":20,"column":59}},"5":{"start":{"line":24,"column":4},"end":{"line":24,"column":53}},"6":{"start":{"line":4,"column":0},"end":{"line":4,"column":13}}},"fnMap":{"0":{"name":"(anonymous_0)","decl":{"start":{"line":5,"column":2},"end":{"line":5,"column":22}},"loc":{"start":{"line":5,"column":53},"end":{"line":5,"column":57}}},"1":{"name":"(anonymous_1)","decl":{"start":{"line":7,"column":2},"end":{"line":7,"column":8}},"loc":{"start":{"line":7,"column":36},"end":{"line":9,"column":3}}},"2":{"name":"(anonymous_2)","decl":{"start":{"line":11,"column":2},"end":{"line":11,"column":9}},"loc":{"start":{"line":11,"column":24},"end":{"line":13,"column":3}}},"3":{"name":"(anonymous_3)","decl":{"start":{"line":15,"column":2},"end":{"line":15,"column":9}},"loc":{"start":{"line":15,"column":36},"end":{"line":17,"column":3}}},"4":{"name":"(anonymous_4)","decl":{"start":{"line":19,"column":2},"end":{"line":19,"column":8}},"loc":{"start":{"line":19,"column":48},"end":{"line":21,"column":3}}},"5":{"name":"(anonymous_5)","decl":{"start":{"line":23,"column":2},"end":{"line":23,"column":8}},"loc":{"start":{"line":23,"column":35},"end":{"line":25,"column":3}}}},"branchMap":{},"s":{"0":0,"1":0,"2":0,"3":0,"4":0,"5":0,"6":2},"f":{"0":0,"1":0,"2":0,"3":0,"4":0,"5":0},"b":{}}
,"/Users/daniellaarteaga/Documents/Projects/TasksApp/back/functions/src/application/services/user.service.ts": {"path":"/Users/daniellaarteaga/Documents/Projects/TasksApp/back/functions/src/application/services/user.service.ts","statementMap":{"0":{"start":{"line":5,"column":22},"end":{"line":5,"column":53}},"1":{"start":{"line":8,"column":4},"end":{"line":8,"column":47}},"2":{"start":{"line":11,"column":4},"end":{"line":11,"column":57}},"3":{"start":{"line":4,"column":0},"end":{"line":4,"column":13}}},"fnMap":{"0":{"name":"(anonymous_0)","decl":{"start":{"line":5,"column":2},"end":{"line":5,"column":22}},"loc":{"start":{"line":5,"column":53},"end":{"line":5,"column":57}}},"1":{"name":"(anonymous_1)","decl":{"start":{"line":7,"column":2},"end":{"line":7,"column":8}},"loc":{"start":{"line":7,"column":20},"end":{"line":9,"column":3}}},"2":{"name":"(anonymous_2)","decl":{"start":{"line":10,"column":2},"end":{"line":10,"column":7}},"loc":{"start":{"line":10,"column":37},"end":{"line":12,"column":3}}}},"branchMap":{},"s":{"0":0,"1":0,"2":0,"3":2},"f":{"0":0,"1":0,"2":0},"b":{}}
,"/Users/daniellaarteaga/Documents/Projects/TasksApp/back/functions/src/domain/errors/base.error.ts": {"path":"/Users/daniellaarteaga/Documents/Projects/TasksApp/back/functions/src/domain/errors/base.error.ts","statementMap":{"0":{"start":{"line":13,"column":4},"end":{"line":13,"column":33}},"1":{"start":{"line":14,"column":4},"end":{"line":14,"column":25}},"2":{"start":{"line":15,"column":4},"end":{"line":15,"column":27}},"3":{"start":{"line":16,"column":4},"end":{"line":16,"column":23}},"4":{"start":{"line":1,"column":0},"end":{"line":1,"column":13}}},"fnMap":{"0":{"name":"(anonymous_0)","decl":{"start":{"line":7,"column":2},"end":{"line":7,"column":null}},"loc":{"start":{"line":11,"column":18},"end":{"line":17,"column":3}}}},"branchMap":{},"s":{"0":13,"1":13,"2":13,"3":13,"4":2},"f":{"0":13},"b":{}}
,"/Users/daniellaarteaga/Documents/Projects/TasksApp/back/functions/src/domain/errors/not-found.error.ts": {"path":"/Users/daniellaarteaga/Documents/Projects/TasksApp/back/functions/src/domain/errors/not-found.error.ts","statementMap":{"0":{"start":{"line":1,"column":0},"end":{"line":1,"column":37}},"1":{"start":{"line":5,"column":4},"end":{"line":10,"column":6}},"2":{"start":{"line":3,"column":0},"end":{"line":3,"column":13}}},"fnMap":{"0":{"name":"(anonymous_0)","decl":{"start":{"line":4,"column":2},"end":{"line":4,"column":null}},"loc":{"start":{"line":4,"column":2},"end":{"line":11,"column":3}}}},"branchMap":{},"s":{"0":2,"1":0,"2":2},"f":{"0":0},"b":{}}
,"/Users/daniellaarteaga/Documents/Projects/TasksApp/back/functions/src/domain/errors/task-not-created.ts": {"path":"/Users/daniellaarteaga/Documents/Projects/TasksApp/back/functions/src/domain/errors/task-not-created.ts","statementMap":{"0":{"start":{"line":1,"column":0},"end":{"line":1,"column":37}},"1":{"start":{"line":5,"column":4},"end":{"line":10,"column":6}},"2":{"start":{"line":3,"column":0},"end":{"line":3,"column":13}}},"fnMap":{"0":{"name":"(anonymous_0)","decl":{"start":{"line":4,"column":2},"end":{"line":4,"column":null}},"loc":{"start":{"line":4,"column":2},"end":{"line":11,"column":3}}}},"branchMap":{},"s":{"0":2,"1":3,"2":2},"f":{"0":3},"b":{}}
,"/Users/daniellaarteaga/Documents/Projects/TasksApp/back/functions/src/domain/errors/task-not-deleted.error.ts": {"path":"/Users/daniellaarteaga/Documents/Projects/TasksApp/back/functions/src/domain/errors/task-not-deleted.error.ts","statementMap":{"0":{"start":{"line":1,"column":0},"end":{"line":1,"column":37}},"1":{"start":{"line":5,"column":4},"end":{"line":10,"column":6}},"2":{"start":{"line":3,"column":0},"end":{"line":3,"column":13}}},"fnMap":{"0":{"name":"(anonymous_0)","decl":{"start":{"line":4,"column":2},"end":{"line":4,"column":null}},"loc":{"start":{"line":4,"column":2},"end":{"line":11,"column":3}}}},"branchMap":{},"s":{"0":2,"1":2,"2":2},"f":{"0":2},"b":{}}
,"/Users/daniellaarteaga/Documents/Projects/TasksApp/back/functions/src/domain/errors/task-not-updated.error.ts": {"path":"/Users/daniellaarteaga/Documents/Projects/TasksApp/back/functions/src/domain/errors/task-not-updated.error.ts","statementMap":{"0":{"start":{"line":1,"column":0},"end":{"line":1,"column":37}},"1":{"start":{"line":5,"column":4},"end":{"line":10,"column":6}},"2":{"start":{"line":3,"column":0},"end":{"line":3,"column":13}}},"fnMap":{"0":{"name":"(anonymous_0)","decl":{"start":{"line":4,"column":2},"end":{"line":4,"column":null}},"loc":{"start":{"line":4,"column":2},"end":{"line":11,"column":3}}}},"branchMap":{},"s":{"0":2,"1":2,"2":2},"f":{"0":2},"b":{}}
,"/Users/daniellaarteaga/Documents/Projects/TasksApp/back/functions/src/domain/errors/tasks-not-found.ts": {"path":"/Users/daniellaarteaga/Documents/Projects/TasksApp/back/functions/src/domain/errors/tasks-not-found.ts","statementMap":{"0":{"start":{"line":1,"column":0},"end":{"line":1,"column":37}},"1":{"start":{"line":4,"column":4},"end":{"line":9,"column":6}},"2":{"start":{"line":2,"column":0},"end":{"line":2,"column":13}}},"fnMap":{"0":{"name":"(anonymous_0)","decl":{"start":{"line":3,"column":2},"end":{"line":3,"column":null}},"loc":{"start":{"line":3,"column":2},"end":{"line":10,"column":3}}}},"branchMap":{},"s":{"0":2,"1":2,"2":2},"f":{"0":2},"b":{}}
,"/Users/daniellaarteaga/Documents/Projects/TasksApp/back/functions/src/domain/errors/user-not-created.error.ts": {"path":"/Users/daniellaarteaga/Documents/Projects/TasksApp/back/functions/src/domain/errors/user-not-created.error.ts","statementMap":{"0":{"start":{"line":1,"column":0},"end":{"line":1,"column":37}},"1":{"start":{"line":5,"column":4},"end":{"line":10,"column":6}},"2":{"start":{"line":3,"column":0},"end":{"line":3,"column":13}}},"fnMap":{"0":{"name":"(anonymous_0)","decl":{"start":{"line":4,"column":2},"end":{"line":4,"column":null}},"loc":{"start":{"line":4,"column":2},"end":{"line":11,"column":3}}}},"branchMap":{},"s":{"0":2,"1":2,"2":2},"f":{"0":2},"b":{}}
,"/Users/daniellaarteaga/Documents/Projects/TasksApp/back/functions/src/domain/errors/user-not-found.error.ts": {"path":"/Users/daniellaarteaga/Documents/Projects/TasksApp/back/functions/src/domain/errors/user-not-found.error.ts","statementMap":{"0":{"start":{"line":1,"column":0},"end":{"line":1,"column":37}},"1":{"start":{"line":5,"column":4},"end":{"line":5,"column":74}},"2":{"start":{"line":3,"column":0},"end":{"line":3,"column":13}}},"fnMap":{"0":{"name":"(anonymous_0)","decl":{"start":{"line":4,"column":2},"end":{"line":4,"column":null}},"loc":{"start":{"line":4,"column":2},"end":{"line":6,"column":3}}}},"branchMap":{},"s":{"0":2,"1":2,"2":2},"f":{"0":2},"b":{}}
,"/Users/daniellaarteaga/Documents/Projects/TasksApp/back/functions/src/infrastructure/routes.ts": {"path":"/Users/daniellaarteaga/Documents/Projects/TasksApp/back/functions/src/infrastructure/routes.ts","statementMap":{"0":{"start":{"line":1,"column":0},"end":{"line":1,"column":30}},"1":{"start":{"line":2,"column":0},"end":{"line":2,"column":51}},"2":{"start":{"line":3,"column":0},"end":{"line":3,"column":43}},"3":{"start":{"line":4,"column":0},"end":{"line":4,"column":43}},"4":{"start":{"line":5,"column":0},"end":{"line":5,"column":65}},"5":{"start":{"line":6,"column":0},"end":{"line":6,"column":62}},"6":{"start":{"line":8,"column":18},"end":{"line":8,"column":27}},"7":{"start":{"line":9,"column":11},"end":{"line":9,"column":26}},"8":{"start":{"line":10,"column":0},"end":{"line":10,"column":22}},"9":{"start":{"line":11,"column":0},"end":{"line":11,"column":28}},"10":{"start":{"line":12,"column":0},"end":{"line":12,"column":33}},"11":{"start":{"line":14,"column":0},"end":{"line":16,"column":3}},"12":{"start":{"line":15,"column":2},"end":{"line":15,"column":28}},"13":{"start":{"line":18,"column":0},"end":{"line":18,"column":28}},"14":{"start":{"line":20,"column":13},"end":{"line":20,"column":56}}},"fnMap":{"0":{"name":"(anonymous_7)","decl":{"start":{"line":14,"column":19},"end":{"line":14,"column":20}},"loc":{"start":{"line":14,"column":38},"end":{"line":16,"column":1}}}},"branchMap":{},"s":{"0":2,"1":2,"2":2,"3":2,"4":2,"5":2,"6":2,"7":2,"8":2,"9":2,"10":2,"11":2,"12":0,"13":2,"14":2},"f":{"0":0},"b":{}}
,"/Users/daniellaarteaga/Documents/Projects/TasksApp/back/functions/src/infrastructure/controllers/error.controller.ts": {"path":"/Users/daniellaarteaga/Documents/Projects/TasksApp/back/functions/src/infrastructure/controllers/error.controller.ts","statementMap":{"0":{"start":{"line":1,"column":28},"end":{"line":10,"column":1}},"1":{"start":{"line":2,"column":2},"end":{"line":2,"column":45}},"2":{"start":{"line":3,"column":2},"end":{"line":3,"column":41}},"3":{"start":{"line":4,"column":2},"end":{"line":9,"column":5}},"4":{"start":{"line":1,"column":13},"end":{"line":1,"column":28}}},"fnMap":{"0":{"name":"(anonymous_0)","decl":{"start":{"line":1,"column":28},"end":{"line":1,"column":29}},"loc":{"start":{"line":1,"column":54},"end":{"line":10,"column":1}}}},"branchMap":{"0":{"loc":{"start":{"line":2,"column":21},"end":{"line":2,"column":44}},"type":"binary-expr","locations":[{"start":{"line":2,"column":21},"end":{"line":2,"column":37}},{"start":{"line":2,"column":41},"end":{"line":2,"column":44}}]},"1":{"loc":{"start":{"line":3,"column":17},"end":{"line":3,"column":40}},"type":"binary-expr","locations":[{"start":{"line":3,"column":17},"end":{"line":3,"column":29}},{"start":{"line":3,"column":33},"end":{"line":3,"column":40}}]}},"s":{"0":2,"1":0,"2":0,"3":0,"4":2},"f":{"0":0},"b":{"0":[0,0],"1":[0,0]}}
,"/Users/daniellaarteaga/Documents/Projects/TasksApp/back/functions/src/infrastructure/controllers/task.controller.ts": {"path":"/Users/daniellaarteaga/Documents/Projects/TasksApp/back/functions/src/infrastructure/controllers/task.controller.ts","statementMap":{"0":{"start":{"line":3,"column":0},"end":{"line":3,"column":70}},"1":{"start":{"line":4,"column":0},"end":{"line":4,"column":75}},"2":{"start":{"line":5,"column":0},"end":{"line":5,"column":75}},"3":{"start":{"line":6,"column":0},"end":{"line":6,"column":73}},"4":{"start":{"line":7,"column":0},"end":{"line":7,"column":81}},"5":{"start":{"line":8,"column":0},"end":{"line":8,"column":81}},"6":{"start":{"line":17,"column":24},"end":{"line":17,"column":42}},"7":{"start":{"line":18,"column":22},"end":{"line":18,"column":46}},"8":{"start":{"line":19,"column":4},"end":{"line":19,"column":45}},"9":{"start":{"line":20,"column":20},"end":{"line":20,"column":58}},"10":{"start":{"line":21,"column":4},"end":{"line":21,"column":57}},"11":{"start":{"line":21,"column":18},"end":{"line":21,"column":57}},"12":{"start":{"line":22,"column":4},"end":{"line":22,"column":22}},"13":{"start":{"line":31,"column":24},"end":{"line":31,"column":42}},"14":{"start":{"line":32,"column":18},"end":{"line":34,"column":6}},"15":{"start":{"line":33,"column":6},"end":{"line":33,"column":48}},"16":{"start":{"line":35,"column":4},"end":{"line":35,"column":20}},"17":{"start":{"line":44,"column":24},"end":{"line":44,"column":42}},"18":{"start":{"line":45,"column":17},"end":{"line":45,"column":54}},"19":{"start":{"line":46,"column":4},"end":{"line":46,"column":53}},"20":{"start":{"line":46,"column":15},"end":{"line":46,"column":53}},"21":{"start":{"line":47,"column":4},"end":{"line":47,"column":19}},"22":{"start":{"line":56,"column":24},"end":{"line":56,"column":42}},"23":{"start":{"line":57,"column":20},"end":{"line":57,"column":62}},"24":{"start":{"line":58,"column":4},"end":{"line":58,"column":57}},"25":{"start":{"line":58,"column":18},"end":{"line":58,"column":57}},"26":{"start":{"line":59,"column":4},"end":{"line":59,"column":22}},"27":{"start":{"line":68,"column":24},"end":{"line":68,"column":42}},"28":{"start":{"line":69,"column":20},"end":{"line":69,"column":56}},"29":{"start":{"line":70,"column":4},"end":{"line":70,"column":57}},"30":{"start":{"line":70,"column":18},"end":{"line":70,"column":57}},"31":{"start":{"line":71,"column":4},"end":{"line":71,"column":22}},"32":{"start":{"line":10,"column":0},"end":{"line":10,"column":13}},"33":{"start":{"line":76,"column":28},"end":{"line":76,"column":51}},"34":{"start":{"line":77,"column":22},"end":{"line":77,"column":56}},"35":{"start":{"line":78,"column":2},"end":{"line":78,"column":21}},"36":{"start":{"line":75,"column":0},"end":{"line":75,"column":16}}},"fnMap":{"0":{"name":"(anonymous_0)","decl":{"start":{"line":11,"column":2},"end":{"line":11,"column":8}},"loc":{"start":{"line":15,"column":40},"end":{"line":23,"column":3}}},"1":{"name":"(anonymous_1)","decl":{"start":{"line":25,"column":2},"end":{"line":25,"column":8}},"loc":{"start":{"line":29,"column":40},"end":{"line":36,"column":3}}},"2":{"name":"(anonymous_2)","decl":{"start":{"line":32,"column":59},"end":{"line":32,"column":60}},"loc":{"start":{"line":32,"column":68},"end":{"line":34,"column":5}}},"3":{"name":"(anonymous_3)","decl":{"start":{"line":38,"column":2},"end":{"line":38,"column":8}},"loc":{"start":{"line":42,"column":40},"end":{"line":48,"column":3}}},"4":{"name":"(anonymous_4)","decl":{"start":{"line":50,"column":2},"end":{"line":50,"column":8}},"loc":{"start":{"line":54,"column":40},"end":{"line":60,"column":3}}},"5":{"name":"(anonymous_5)","decl":{"start":{"line":62,"column":2},"end":{"line":62,"column":8}},"loc":{"start":{"line":66,"column":40},"end":{"line":72,"column":3}}},"6":{"name":"serviceInjection","decl":{"start":{"line":75,"column":16},"end":{"line":75,"column":32}},"loc":{"start":{"line":75,"column":32},"end":{"line":79,"column":1}}}},"branchMap":{"0":{"loc":{"start":{"line":21,"column":4},"end":{"line":21,"column":57}},"type":"if","locations":[{"start":{"line":21,"column":4},"end":{"line":21,"column":57}}]},"1":{"loc":{"start":{"line":33,"column":13},"end":{"line":33,"column":47}},"type":"cond-expr","locations":[{"start":{"line":33,"column":41},"end":{"line":33,"column":42}},{"start":{"line":33,"column":45},"end":{"line":33,"column":47}}]},"2":{"loc":{"start":{"line":46,"column":4},"end":{"line":46,"column":53}},"type":"if","locations":[{"start":{"line":46,"column":4},"end":{"line":46,"column":53}}]},"3":{"loc":{"start":{"line":58,"column":4},"end":{"line":58,"column":57}},"type":"if","locations":[{"start":{"line":58,"column":4},"end":{"line":58,"column":57}}]},"4":{"loc":{"start":{"line":70,"column":4},"end":{"line":70,"column":57}},"type":"if","locations":[{"start":{"line":70,"column":4},"end":{"line":70,"column":57}}]}},"s":{"0":2,"1":2,"2":2,"3":2,"4":2,"5":2,"6":2,"7":2,"8":2,"9":2,"10":2,"11":2,"12":0,"13":1,"14":1,"15":1,"16":1,"17":2,"18":2,"19":2,"20":1,"21":1,"22":2,"23":2,"24":2,"25":1,"26":1,"27":2,"28":2,"29":2,"30":1,"31":1,"32":2,"33":0,"34":0,"35":0,"36":2},"f":{"0":2,"1":1,"2":1,"3":2,"4":2,"5":2,"6":0},"b":{"0":[2],"1":[1,0],"2":[1],"3":[1],"4":[1]}}
,"/Users/daniellaarteaga/Documents/Projects/TasksApp/back/functions/src/infrastructure/controllers/user.controller.ts": {"path":"/Users/daniellaarteaga/Documents/Projects/TasksApp/back/functions/src/infrastructure/controllers/user.controller.ts","statementMap":{"0":{"start":{"line":2,"column":0},"end":{"line":2,"column":70}},"1":{"start":{"line":4,"column":0},"end":{"line":4,"column":75}},"2":{"start":{"line":5,"column":0},"end":{"line":5,"column":77}},"3":{"start":{"line":6,"column":0},"end":{"line":6,"column":81}},"4":{"start":{"line":15,"column":24},"end":{"line":15,"column":42}},"5":{"start":{"line":16,"column":4},"end":{"line":16,"column":35}},"6":{"start":{"line":17,"column":17},"end":{"line":17,"column":62}},"7":{"start":{"line":18,"column":4},"end":{"line":18,"column":54}},"8":{"start":{"line":18,"column":15},"end":{"line":18,"column":54}},"9":{"start":{"line":19,"column":4},"end":{"line":19,"column":19}},"10":{"start":{"line":28,"column":24},"end":{"line":28,"column":42}},"11":{"start":{"line":29,"column":17},"end":{"line":29,"column":57}},"12":{"start":{"line":30,"column":4},"end":{"line":30,"column":52}},"13":{"start":{"line":30,"column":15},"end":{"line":30,"column":52}},"14":{"start":{"line":31,"column":4},"end":{"line":31,"column":19}},"15":{"start":{"line":8,"column":0},"end":{"line":8,"column":13}},"16":{"start":{"line":36,"column":28},"end":{"line":36,"column":51}},"17":{"start":{"line":37,"column":22},"end":{"line":37,"column":56}},"18":{"start":{"line":38,"column":2},"end":{"line":38,"column":21}},"19":{"start":{"line":35,"column":0},"end":{"line":35,"column":16}}},"fnMap":{"0":{"name":"(anonymous_0)","decl":{"start":{"line":9,"column":2},"end":{"line":9,"column":8}},"loc":{"start":{"line":13,"column":40},"end":{"line":20,"column":3}}},"1":{"name":"(anonymous_1)","decl":{"start":{"line":22,"column":2},"end":{"line":22,"column":8}},"loc":{"start":{"line":26,"column":40},"end":{"line":32,"column":3}}},"2":{"name":"serviceInjection","decl":{"start":{"line":35,"column":16},"end":{"line":35,"column":32}},"loc":{"start":{"line":35,"column":32},"end":{"line":39,"column":1}}}},"branchMap":{"0":{"loc":{"start":{"line":18,"column":4},"end":{"line":18,"column":54}},"type":"if","locations":[{"start":{"line":18,"column":4},"end":{"line":18,"column":54}}]},"1":{"loc":{"start":{"line":30,"column":4},"end":{"line":30,"column":52}},"type":"if","locations":[{"start":{"line":30,"column":4},"end":{"line":30,"column":52}}]}},"s":{"0":2,"1":2,"2":2,"3":2,"4":2,"5":2,"6":2,"7":2,"8":1,"9":1,"10":2,"11":2,"12":2,"13":1,"14":1,"15":2,"16":0,"17":0,"18":0,"19":2},"f":{"0":2,"1":2,"2":0},"b":{"0":[1],"1":[1]}}
,"/Users/daniellaarteaga/Documents/Projects/TasksApp/back/functions/src/infrastructure/driven-adapters/task.driven.adapter.ts": {"path":"/Users/daniellaarteaga/Documents/Projects/TasksApp/back/functions/src/infrastructure/driven-adapters/task.driven.adapter.ts","statementMap":{"0":{"start":{"line":3,"column":0},"end":{"line":3,"column":33}},"1":{"start":{"line":7,"column":20},"end":{"line":14,"column":8}},"2":{"start":{"line":13,"column":8},"end":{"line":13,"column":42}},"3":{"start":{"line":15,"column":4},"end":{"line":15,"column":19}},"4":{"start":{"line":19,"column":26},"end":{"line":23,"column":12}},"5":{"start":{"line":24,"column":4},"end":{"line":26,"column":7}},"6":{"start":{"line":25,"column":6},"end":{"line":25,"column":52}},"7":{"start":{"line":30,"column":26},"end":{"line":35,"column":12}},"8":{"start":{"line":36,"column":4},"end":{"line":36,"column":52}},"9":{"start":{"line":44,"column":20},"end":{"line":52,"column":8}},"10":{"start":{"line":51,"column":8},"end":{"line":51,"column":20}},"11":{"start":{"line":53,"column":4},"end":{"line":53,"column":28}},"12":{"start":{"line":57,"column":26},"end":{"line":62,"column":12}},"13":{"start":{"line":64,"column":4},"end":{"line":69,"column":16}},"14":{"start":{"line":71,"column":4},"end":{"line":71,"column":52}},"15":{"start":{"line":75,"column":26},"end":{"line":79,"column":12}},"16":{"start":{"line":80,"column":4},"end":{"line":80,"column":58}},"17":{"start":{"line":80,"column":40},"end":{"line":80,"column":56}},"18":{"start":{"line":5,"column":0},"end":{"line":5,"column":13}}},"fnMap":{"0":{"name":"(anonymous_0)","decl":{"start":{"line":6,"column":2},"end":{"line":6,"column":7}},"loc":{"start":{"line":6,"column":42},"end":{"line":16,"column":3}}},"1":{"name":"(anonymous_1)","decl":{"start":{"line":12,"column":12},"end":{"line":12,"column":13}},"loc":{"start":{"line":12,"column":23},"end":{"line":14,"column":7}}},"2":{"name":"(anonymous_2)","decl":{"start":{"line":18,"column":2},"end":{"line":18,"column":7}},"loc":{"start":{"line":18,"column":30},"end":{"line":27,"column":3}}},"3":{"name":"(anonymous_3)","decl":{"start":{"line":24,"column":34},"end":{"line":24,"column":35}},"loc":{"start":{"line":24,"column":42},"end":{"line":26,"column":5}}},"4":{"name":"(anonymous_4)","decl":{"start":{"line":29,"column":2},"end":{"line":29,"column":7}},"loc":{"start":{"line":29,"column":42},"end":{"line":37,"column":3}}},"5":{"name":"(anonymous_5)","decl":{"start":{"line":39,"column":2},"end":{"line":39,"column":7}},"loc":{"start":{"line":42,"column":15},"end":{"line":54,"column":3}}},"6":{"name":"(anonymous_6)","decl":{"start":{"line":50,"column":12},"end":{"line":50,"column":15}},"loc":{"start":{"line":50,"column":17},"end":{"line":52,"column":7}}},"7":{"name":"(anonymous_7)","decl":{"start":{"line":56,"column":2},"end":{"line":56,"column":7}},"loc":{"start":{"line":56,"column":41},"end":{"line":72,"column":3}}},"8":{"name":"(anonymous_8)","decl":{"start":{"line":74,"column":2},"end":{"line":74,"column":7}},"loc":{"start":{"line":74,"column":32},"end":{"line":81,"column":3}}},"9":{"name":"(anonymous_9)","decl":{"start":{"line":80,"column":31},"end":{"line":80,"column":32}},"loc":{"start":{"line":80,"column":40},"end":{"line":80,"column":56}}}},"branchMap":{},"s":{"0":2,"1":0,"2":0,"3":0,"4":0,"5":0,"6":0,"7":0,"8":0,"9":0,"10":0,"11":0,"12":0,"13":0,"14":0,"15":0,"16":0,"17":0,"18":2},"f":{"0":0,"1":0,"2":0,"3":0,"4":0,"5":0,"6":0,"7":0,"8":0,"9":0},"b":{}}
,"/Users/daniellaarteaga/Documents/Projects/TasksApp/back/functions/src/infrastructure/driven-adapters/user.driven.adapter.ts": {"path":"/Users/daniellaarteaga/Documents/Projects/TasksApp/back/functions/src/infrastructure/driven-adapters/user.driven.adapter.ts","statementMap":{"0":{"start":{"line":1,"column":0},"end":{"line":1,"column":33}},"1":{"start":{"line":7,"column":4},"end":{"line":7,"column":43}},"2":{"start":{"line":8,"column":20},"end":{"line":11,"column":12}},"3":{"start":{"line":12,"column":4},"end":{"line":12,"column":74}},"4":{"start":{"line":16,"column":17},"end":{"line":16,"column":79}},"5":{"start":{"line":17,"column":4},"end":{"line":19,"column":null}},"6":{"start":{"line":18,"column":6},"end":{"line":18,"column":23}},"7":{"start":{"line":20,"column":4},"end":{"line":20,"column":68}},"8":{"start":{"line":5,"column":0},"end":{"line":5,"column":13}}},"fnMap":{"0":{"name":"(anonymous_0)","decl":{"start":{"line":6,"column":2},"end":{"line":6,"column":7}},"loc":{"start":{"line":6,"column":26},"end":{"line":13,"column":3}}},"1":{"name":"(anonymous_1)","decl":{"start":{"line":15,"column":2},"end":{"line":15,"column":7}},"loc":{"start":{"line":15,"column":37},"end":{"line":21,"column":3}}}},"branchMap":{"0":{"loc":{"start":{"line":17,"column":4},"end":{"line":19,"column":null}},"type":"if","locations":[{"start":{"line":17,"column":4},"end":{"line":19,"column":null}}]}},"s":{"0":2,"1":0,"2":0,"3":0,"4":0,"5":0,"6":0,"7":0,"8":2},"f":{"0":0,"1":0},"b":{"0":[0]}}
,"/Users/daniellaarteaga/Documents/Projects/TasksApp/back/functions/src/infrastructure/routes/task.routes.ts": {"path":"/Users/daniellaarteaga/Documents/Projects/TasksApp/back/functions/src/infrastructure/routes/task.routes.ts","statementMap":{"0":{"start":{"line":1,"column":0},"end":{"line":1,"column":30}},"1":{"start":{"line":2,"column":0},"end":{"line":2,"column":null}},"2":{"start":{"line":7,"column":16},"end":{"line":7,"column":25}},"3":{"start":{"line":9,"column":0},"end":{"line":11,"column":2}},"4":{"start":{"line":10,"column":2},"end":{"line":10,"column":58}},"5":{"start":{"line":12,"column":0},"end":{"line":14,"column":2}},"6":{"start":{"line":13,"column":2},"end":{"line":13,"column":58}},"7":{"start":{"line":15,"column":0},"end":{"line":17,"column":2}},"8":{"start":{"line":16,"column":2},"end":{"line":16,"column":57}},"9":{"start":{"line":18,"column":0},"end":{"line":20,"column":2}},"10":{"start":{"line":19,"column":2},"end":{"line":19,"column":57}},"11":{"start":{"line":21,"column":0},"end":{"line":23,"column":2}},"12":{"start":{"line":22,"column":2},"end":{"line":22,"column":57}},"13":{"start":{"line":25,"column":0},"end":{"line":25,"column":23}}},"fnMap":{"0":{"name":"(anonymous_1)","decl":{"start":{"line":9,"column":30},"end":{"line":9,"column":31}},"loc":{"start":{"line":10,"column":2},"end":{"line":10,"column":58}}},"1":{"name":"(anonymous_2)","decl":{"start":{"line":12,"column":34},"end":{"line":12,"column":35}},"loc":{"start":{"line":13,"column":2},"end":{"line":13,"column":58}}},"2":{"name":"(anonymous_3)","decl":{"start":{"line":15,"column":31},"end":{"line":15,"column":32}},"loc":{"start":{"line":16,"column":2},"end":{"line":16,"column":57}}},"3":{"name":"(anonymous_4)","decl":{"start":{"line":18,"column":34},"end":{"line":18,"column":35}},"loc":{"start":{"line":19,"column":2},"end":{"line":19,"column":57}}},"4":{"name":"(anonymous_5)","decl":{"start":{"line":21,"column":37},"end":{"line":21,"column":38}},"loc":{"start":{"line":22,"column":2},"end":{"line":22,"column":57}}}},"branchMap":{},"s":{"0":2,"1":2,"2":2,"3":2,"4":0,"5":2,"6":0,"7":2,"8":0,"9":2,"10":0,"11":2,"12":0,"13":2},"f":{"0":0,"1":0,"2":0,"3":0,"4":0},"b":{}}
,"/Users/daniellaarteaga/Documents/Projects/TasksApp/back/functions/src/infrastructure/routes/user.routes.ts": {"path":"/Users/daniellaarteaga/Documents/Projects/TasksApp/back/functions/src/infrastructure/routes/user.routes.ts","statementMap":{"0":{"start":{"line":1,"column":0},"end":{"line":1,"column":30}},"1":{"start":{"line":2,"column":0},"end":{"line":2,"column":64}},"2":{"start":{"line":3,"column":0},"end":{"line":3,"column":66}},"3":{"start":{"line":5,"column":16},"end":{"line":5,"column":25}},"4":{"start":{"line":6,"column":0},"end":{"line":8,"column":2}},"5":{"start":{"line":7,"column":2},"end":{"line":7,"column":57}},"6":{"start":{"line":9,"column":0},"end":{"line":11,"column":2}},"7":{"start":{"line":10,"column":2},"end":{"line":10,"column":58}},"8":{"start":{"line":13,"column":0},"end":{"line":13,"column":23}}},"fnMap":{"0":{"name":"(anonymous_1)","decl":{"start":{"line":6,"column":23},"end":{"line":6,"column":24}},"loc":{"start":{"line":7,"column":2},"end":{"line":7,"column":57}}},"1":{"name":"(anonymous_2)","decl":{"start":{"line":9,"column":29},"end":{"line":9,"column":30}},"loc":{"start":{"line":10,"column":2},"end":{"line":10,"column":58}}}},"branchMap":{},"s":{"0":2,"1":2,"2":2,"3":2,"4":2,"5":0,"6":2,"7":0,"8":2},"f":{"0":0,"1":0},"b":{}}
}
