TN:
SF:src/index.ts
FN:17,(anonymous_0)
FNF:1
FNH:0
FNDA:0,(anonymous_0)
DA:1,2
DA:2,2
DA:4,2
DA:14,2
DA:15,2
DA:17,2
LF:6
LH:6
BRF:0
BRH:0
end_of_record
TN:
SF:src/application/services/task.service.ts
FN:5,(anonymous_0)
FN:7,(anonymous_1)
FN:11,(anonymous_2)
FN:15,(anonymous_3)
FN:19,(anonymous_4)
FN:23,(anonymous_5)
FNF:6
FNH:0
FNDA:0,(anonymous_0)
FNDA:0,(anonymous_1)
FNDA:0,(anonymous_2)
FNDA:0,(anonymous_3)
FNDA:0,(anonymous_4)
FNDA:0,(anonymous_5)
DA:4,2
DA:5,0
DA:8,0
DA:12,0
DA:16,0
DA:20,0
DA:24,0
LF:7
LH:1
BRF:0
BRH:0
end_of_record
TN:
SF:src/application/services/user.service.ts
FN:5,(anonymous_0)
FN:7,(anonymous_1)
FN:10,(anonymous_2)
FNF:3
FNH:0
FNDA:0,(anonymous_0)
FNDA:0,(anonymous_1)
FNDA:0,(anonymous_2)
DA:4,2
DA:5,0
DA:8,0
DA:11,0
LF:4
LH:1
BRF:0
BRH:0
end_of_record
TN:
SF:src/domain/errors/base.error.ts
FN:7,(anonymous_0)
FNF:1
FNH:1
FNDA:13,(anonymous_0)
DA:1,2
DA:13,13
DA:14,13
DA:15,13
DA:16,13
LF:5
LH:5
BRF:0
BRH:0
end_of_record
TN:
SF:src/domain/errors/not-found.error.ts
FN:4,(anonymous_0)
FNF:1
FNH:0
FNDA:0,(anonymous_0)
DA:1,2
DA:3,2
DA:5,0
LF:3
LH:2
BRF:0
BRH:0
end_of_record
TN:
SF:src/domain/errors/task-not-created.ts
FN:4,(anonymous_0)
FNF:1
FNH:1
FNDA:3,(anonymous_0)
DA:1,2
DA:3,2
DA:5,3
LF:3
LH:3
BRF:0
BRH:0
end_of_record
TN:
SF:src/domain/errors/task-not-deleted.error.ts
FN:4,(anonymous_0)
FNF:1
FNH:1
FNDA:2,(anonymous_0)
DA:1,2
DA:3,2
DA:5,2
LF:3
LH:3
BRF:0
BRH:0
end_of_record
TN:
SF:src/domain/errors/task-not-updated.error.ts
FN:4,(anonymous_0)
FNF:1
FNH:1
FNDA:2,(anonymous_0)
DA:1,2
DA:3,2
DA:5,2
LF:3
LH:3
BRF:0
BRH:0
end_of_record
TN:
SF:src/domain/errors/tasks-not-found.ts
FN:3,(anonymous_0)
FNF:1
FNH:1
FNDA:2,(anonymous_0)
DA:1,2
DA:2,2
DA:4,2
LF:3
LH:3
BRF:0
BRH:0
end_of_record
TN:
SF:src/domain/errors/user-not-created.error.ts
FN:4,(anonymous_0)
FNF:1
FNH:1
FNDA:2,(anonymous_0)
DA:1,2
DA:3,2
DA:5,2
LF:3
LH:3
BRF:0
BRH:0
end_of_record
TN:
SF:src/domain/errors/user-not-found.error.ts
FN:4,(anonymous_0)
FNF:1
FNH:1
FNDA:2,(anonymous_0)
DA:1,2
DA:3,2
DA:5,2
LF:3
LH:3
BRF:0
BRH:0
end_of_record
TN:
SF:src/infrastructure/routes.ts
FN:14,(anonymous_7)
FNF:1
FNH:0
FNDA:0,(anonymous_7)
DA:1,2
DA:2,2
DA:3,2
DA:4,2
DA:5,2
DA:6,2
DA:8,2
DA:9,2
DA:10,2
DA:11,2
DA:12,2
DA:14,2
DA:15,0
DA:18,2
DA:20,2
LF:15
LH:14
BRF:0
BRH:0
end_of_record
TN:
SF:src/infrastructure/controllers/error.controller.ts
FN:1,(anonymous_0)
FNF:1
FNH:0
FNDA:0,(anonymous_0)
DA:1,2
DA:2,0
DA:3,0
DA:4,0
LF:4
LH:1
BRDA:2,0,0,0
BRDA:2,0,1,0
BRDA:3,1,0,0
BRDA:3,1,1,0
BRF:4
BRH:0
end_of_record
TN:
SF:src/infrastructure/controllers/task.controller.ts
FN:11,(anonymous_0)
FN:25,(anonymous_1)
FN:32,(anonymous_2)
FN:38,(anonymous_3)
FN:50,(anonymous_4)
FN:62,(anonymous_5)
FN:75,serviceInjection
FNF:7
FNH:6
FNDA:2,(anonymous_0)
FNDA:1,(anonymous_1)
FNDA:1,(anonymous_2)
FNDA:2,(anonymous_3)
FNDA:2,(anonymous_4)
FNDA:2,(anonymous_5)
FNDA:0,serviceInjection
DA:3,2
DA:4,2
DA:5,2
DA:6,2
DA:7,2
DA:8,2
DA:10,2
DA:17,2
DA:18,2
DA:19,2
DA:20,2
DA:21,2
DA:22,0
DA:31,1
DA:32,1
DA:33,1
DA:35,1
DA:44,2
DA:45,2
DA:46,2
DA:47,1
DA:56,2
DA:57,2
DA:58,2
DA:59,1
DA:68,2
DA:69,2
DA:70,2
DA:71,1
DA:75,2
DA:76,0
DA:77,0
DA:78,0
LF:33
LH:29
BRDA:21,0,0,2
BRDA:33,1,0,1
BRDA:33,1,1,0
BRDA:46,2,0,1
BRDA:58,3,0,1
BRDA:70,4,0,1
BRF:6
BRH:5
end_of_record
TN:
SF:src/infrastructure/controllers/user.controller.ts
FN:9,(anonymous_0)
FN:22,(anonymous_1)
FN:35,serviceInjection
FNF:3
FNH:2
FNDA:2,(anonymous_0)
FNDA:2,(anonymous_1)
FNDA:0,serviceInjection
DA:2,2
DA:4,2
DA:5,2
DA:6,2
DA:8,2
DA:15,2
DA:16,2
DA:17,2
DA:18,2
DA:19,1
DA:28,2
DA:29,2
DA:30,2
DA:31,1
DA:35,2
DA:36,0
DA:37,0
DA:38,0
LF:18
LH:15
BRDA:18,0,0,1
BRDA:30,1,0,1
BRF:2
BRH:2
end_of_record
TN:
SF:src/infrastructure/driven-adapters/task.driven.adapter.ts
FN:6,(anonymous_0)
FN:12,(anonymous_1)
FN:18,(anonymous_2)
FN:24,(anonymous_3)
FN:29,(anonymous_4)
FN:39,(anonymous_5)
FN:50,(anonymous_6)
FN:56,(anonymous_7)
FN:74,(anonymous_8)
FN:80,(anonymous_9)
FNF:10
FNH:0
FNDA:0,(anonymous_0)
FNDA:0,(anonymous_1)
FNDA:0,(anonymous_2)
FNDA:0,(anonymous_3)
FNDA:0,(anonymous_4)
FNDA:0,(anonymous_5)
FNDA:0,(anonymous_6)
FNDA:0,(anonymous_7)
FNDA:0,(anonymous_8)
FNDA:0,(anonymous_9)
DA:3,2
DA:5,2
DA:7,0
DA:13,0
DA:15,0
DA:19,0
DA:24,0
DA:25,0
DA:30,0
DA:36,0
DA:44,0
DA:51,0
DA:53,0
DA:57,0
DA:64,0
DA:71,0
DA:75,0
DA:80,0
LF:18
LH:2
BRF:0
BRH:0
end_of_record
TN:
SF:src/infrastructure/driven-adapters/user.driven.adapter.ts
FN:6,(anonymous_0)
FN:15,(anonymous_1)
FNF:2
FNH:0
FNDA:0,(anonymous_0)
FNDA:0,(anonymous_1)
DA:1,2
DA:5,2
DA:7,0
DA:8,0
DA:12,0
DA:16,0
DA:17,0
DA:18,0
DA:20,0
LF:9
LH:2
BRDA:17,0,0,0
BRF:1
BRH:0
end_of_record
TN:
SF:src/infrastructure/routes/task.routes.ts
FN:9,(anonymous_1)
FN:12,(anonymous_2)
FN:15,(anonymous_3)
FN:18,(anonymous_4)
FN:21,(anonymous_5)
FNF:5
FNH:0
FNDA:0,(anonymous_1)
FNDA:0,(anonymous_2)
FNDA:0,(anonymous_3)
FNDA:0,(anonymous_4)
FNDA:0,(anonymous_5)
DA:1,2
DA:2,2
DA:7,2
DA:9,2
DA:10,0
DA:12,2
DA:13,0
DA:15,2
DA:16,0
DA:18,2
DA:19,0
DA:21,2
DA:22,0
DA:25,2
LF:14
LH:9
BRF:0
BRH:0
end_of_record
TN:
SF:src/infrastructure/routes/user.routes.ts
FN:6,(anonymous_1)
FN:9,(anonymous_2)
FNF:2
FNH:0
FNDA:0,(anonymous_1)
FNDA:0,(anonymous_2)
DA:1,2
DA:2,2
DA:3,2
DA:5,2
DA:6,2
DA:7,0
DA:9,2
DA:10,0
DA:13,2
LF:9
LH:7
BRF:0
BRH:0
end_of_record
